Failed to download http://google.com/images/branding/googlelogo/1x/googlelogo_white_background_color_272x92dp.png (Status Code: 404) or invalid content type
: HTTPConnectionPool(host='no.access', port=80): Max retries exceeded with url: / (Caused by NameResolutionError("<urllib3.connection.HTTPConnection object at 0x000001421B304770>: Failed to resolve 'no.access' ([Errno 11001] getaddrinfo failed)"))
2025-03-23 13:12:27,472 - ERROR - Error fetching logo for kiergroup.com: Message: unknown error: net::ERR_CONNECTION_REFUSED
  (Session info: chrome=134.0.6998.118)
Stacktrace:
	GetHandleVerifier [0x007DB593+24387]
	(No symbol) [0x007658F4]
	(No symbol) [0x00640753]
	(No symbol) [0x0063DB9E]
	(No symbol) [0x006314B8]
	(No symbol) [0x00632DC0]
	(No symbol) [0x00631747]
	(No symbol) [0x006312A3]
	(No symbol) [0x00630FB1]
	(No symbol) [0x0062EE80]
	(No symbol) [0x0062F91B]
	(No symbol) [0x0064420E]
	(No symbol) [0x006CFDE7]
	(No symbol) [0x006AD84C]
	(No symbol) [0x006CF138]
	(No symbol) [0x006AD646]
	(No symbol) [0x0067C59F]
	(No symbol) [0x0067D8E4]
	GetHandleVerifier [0x00ADD873+3179043]
	GetHandleVerifier [0x00AF6CE9+3282585]
	GetHandleVerifier [0x00AF166C+3260444]
	GetHandleVerifier [0x00874320+650448]
	(No symbol) [0x0076ECFD]
	(No symbol) [0x0076BAE8]
	(No symbol) [0x0076BC89]
	(No symbol) [0x0075E520]
	BaseThreadInitThunk [0x753AFCC9+25]
	RtlGetAppContainerNamedObjectPath [0x774E82AE+286]
	RtlGetAppContainerNamedObjectPath [0x774E827E+238]

